app/build/intermediates/manifest_merge_blame_file/debug/processDebugMainManifest/manifest-merger-blame-debug-report.txt
1<?xml version="1.0" encoding="utf-8"?>
2<manifest xmlns:android="http://schemas.android.com/apk/res/android"
3    package="com.example.chrono_diary"
4    android:versionCode="1"
5    android:versionName="1.0" >
6
7    <uses-sdk
8        android:minSdkVersion="24"
9        android:targetSdkVersion="34" />
10
11    <permission
11-->[androidx.core:core:1.13.1] AndroidManifest.xml:22:5-24:47
12        android:name="com.example.chrono_diary.DYNAMIC_RECEIVER_NOT_EXPORTED_PERMISSION"
12-->[androidx.core:core:1.13.1] AndroidManifest.xml:23:9-81
13        android:protectionLevel="signature" />
13-->[androidx.core:core:1.13.1] AndroidManifest.xml:24:9-44
14
15    <uses-permission android:name="com.example.chrono_diary.DYNAMIC_RECEIVER_NOT_EXPORTED_PERMISSION" />
15-->[androidx.core:core:1.13.1] AndroidManifest.xml:26:5-97
15-->[androidx.core:core:1.13.1] AndroidManifest.xml:26:22-94
16    <uses-permission android:name="android.permission.REORDER_TASKS" />
16-->[androidx.test:core:1.5.0] AndroidManifest.xml:24:5-72
16-->[androidx.test:core:1.5.0] AndroidManifest.xml:24:22-69
17
18    <queries>
18-->[androidx.test:runner:1.5.0] AndroidManifest.xml:24:5-28:15
19        <package android:name="androidx.test.orchestrator" />
19-->[androidx.test:runner:1.5.0] AndroidManifest.xml:25:9-62
19-->[androidx.test:runner:1.5.0] AndroidManifest.xml:25:18-59
20        <package android:name="androidx.test.services" />
20-->[androidx.test:runner:1.5.0] AndroidManifest.xml:26:9-58
20-->[androidx.test:runner:1.5.0] AndroidManifest.xml:26:18-55
21        <package android:name="com.google.android.apps.common.testing.services" />
21-->[androidx.test:runner:1.5.0] AndroidManifest.xml:27:9-83
21-->[androidx.test:runner:1.5.0] AndroidManifest.xml:27:18-80
22    </queries>
23
24    <application
24-->src/main/AndroidManifest.xml:5:5-26:19
25        android:allowBackup="true"
25-->src/main/AndroidManifest.xml:6:9-35
26        android:appComponentFactory="androidx.core.app.CoreComponentFactory"
26-->[androidx.core:core:1.13.1] AndroidManifest.xml:28:18-86
27        android:dataExtractionRules="@xml/data_extraction_rules"
27-->src/main/AndroidManifest.xml:7:9-65
28        android:debuggable="true"
29        android:extractNativeLibs="false"
30        android:fullBackupContent="@xml/backup_rules"
30-->src/main/AndroidManifest.xml:8:9-54
31        android:icon="@mipmap/ic_launcher"
31-->src/main/AndroidManifest.xml:9:9-43
32        android:label="@string/app_name"
32-->src/main/AndroidManifest.xml:10:9-41
33        android:roundIcon="@mipmap/ic_launcher_round"
33-->src/main/AndroidManifest.xml:11:9-54
34        android:supportsRtl="true"
34-->src/main/AndroidManifest.xml:12:9-35
35        android:testOnly="true"
36        android:theme="@style/Theme.ChronoDiary" >
36-->src/main/AndroidManifest.xml:13:9-49
37        <activity
37-->src/main/AndroidManifest.xml:15:9-25:20
38            android:name="com.example.chrono_diary.MainActivity"
38-->src/main/AndroidManifest.xml:16:13-41
39            android:exported="true"
39-->src/main/AndroidManifest.xml:17:13-36
40            android:label="@string/app_name"
40-->src/main/AndroidManifest.xml:18:13-45
41            android:theme="@style/Theme.ChronoDiary" >
41-->src/main/AndroidManifest.xml:19:13-53
42            <intent-filter>
42-->src/main/AndroidManifest.xml:20:13-24:29
43                <action android:name="android.intent.action.MAIN" />
43-->src/main/AndroidManifest.xml:21:17-69
43-->src/main/AndroidManifest.xml:21:25-66
44
45                <category android:name="android.intent.category.LAUNCHER" />
45-->src/main/AndroidManifest.xml:23:17-77
45-->src/main/AndroidManifest.xml:23:27-74
46            </intent-filter>
47        </activity>
48        <activity
48-->[androidx.compose.ui:ui-tooling-android:1.6.6] AndroidManifest.xml:23:9-25:39
49            android:name="androidx.compose.ui.tooling.PreviewActivity"
49-->[androidx.compose.ui:ui-tooling-android:1.6.6] AndroidManifest.xml:24:13-71
50            android:exported="true" />
50-->[androidx.compose.ui:ui-tooling-android:1.6.6] AndroidManifest.xml:25:13-36
51
52        <provider
52-->[androidx.emoji2:emoji2:1.3.0] AndroidManifest.xml:24:9-32:20
53            android:name="androidx.startup.InitializationProvider"
53-->[androidx.emoji2:emoji2:1.3.0] AndroidManifest.xml:25:13-67
54            android:authorities="com.example.chrono_diary.androidx-startup"
54-->[androidx.emoji2:emoji2:1.3.0] AndroidManifest.xml:26:13-68
55            android:exported="false" >
55-->[androidx.emoji2:emoji2:1.3.0] AndroidManifest.xml:27:13-37
56            <meta-data
56-->[androidx.emoji2:emoji2:1.3.0] AndroidManifest.xml:29:13-31:52
57                android:name="androidx.emoji2.text.EmojiCompatInitializer"
57-->[androidx.emoji2:emoji2:1.3.0] AndroidManifest.xml:30:17-75
58                android:value="androidx.startup" />
58-->[androidx.emoji2:emoji2:1.3.0] AndroidManifest.xml:31:17-49
59            <meta-data
59-->[androidx.lifecycle:lifecycle-process:2.8.4] AndroidManifest.xml:29:13-31:52
60                android:name="androidx.lifecycle.ProcessLifecycleInitializer"
60-->[androidx.lifecycle:lifecycle-process:2.8.4] AndroidManifest.xml:30:17-78
61                android:value="androidx.startup" />
61-->[androidx.lifecycle:lifecycle-process:2.8.4] AndroidManifest.xml:31:17-49
62            <meta-data
62-->[androidx.profileinstaller:profileinstaller:1.3.1] AndroidManifest.xml:29:13-31:52
63                android:name="androidx.profileinstaller.ProfileInstallerInitializer"
63-->[androidx.profileinstaller:profileinstaller:1.3.1] AndroidManifest.xml:30:17-85
64                android:value="androidx.startup" />
64-->[androidx.profileinstaller:profileinstaller:1.3.1] AndroidManifest.xml:31:17-49
65        </provider>
66
67        <activity
67-->[androidx.test:core:1.5.0] AndroidManifest.xml:27:9-34:20
68            android:name="androidx.test.core.app.InstrumentationActivityInvoker$BootstrapActivity"
68-->[androidx.test:core:1.5.0] AndroidManifest.xml:28:13-99
69            android:exported="true"
69-->[androidx.test:core:1.5.0] AndroidManifest.xml:29:13-36
70            android:theme="@style/WhiteBackgroundTheme" >
70-->[androidx.test:core:1.5.0] AndroidManifest.xml:30:13-56
71            <intent-filter android:priority="-100" >
71-->[androidx.test:core:1.5.0] AndroidManifest.xml:31:13-33:29
71-->[androidx.test:core:1.5.0] AndroidManifest.xml:31:28-51
72                <category android:name="android.intent.category.LAUNCHER" />
72-->src/main/AndroidManifest.xml:23:17-77
72-->src/main/AndroidManifest.xml:23:27-74
73            </intent-filter>
74        </activity>
75        <activity
75-->[androidx.test:core:1.5.0] AndroidManifest.xml:35:9-42:20
76            android:name="androidx.test.core.app.InstrumentationActivityInvoker$EmptyActivity"
76-->[androidx.test:core:1.5.0] AndroidManifest.xml:36:13-95
77            android:exported="true"
77-->[androidx.test:core:1.5.0] AndroidManifest.xml:37:13-36
78            android:theme="@style/WhiteBackgroundTheme" >
78-->[androidx.test:core:1.5.0] AndroidManifest.xml:38:13-56
79            <intent-filter android:priority="-100" >
79-->[androidx.test:core:1.5.0] AndroidManifest.xml:31:13-33:29
79-->[androidx.test:core:1.5.0] AndroidManifest.xml:31:28-51
80                <category android:name="android.intent.category.LAUNCHER" />
80-->src/main/AndroidManifest.xml:23:17-77
80-->src/main/AndroidManifest.xml:23:27-74
81            </intent-filter>
82        </activity>
83        <activity
83-->[androidx.test:core:1.5.0] AndroidManifest.xml:43:9-50:20
84            android:name="androidx.test.core.app.InstrumentationActivityInvoker$EmptyFloatingActivity"
84-->[androidx.test:core:1.5.0] AndroidManifest.xml:44:13-103
85            android:exported="true"
85-->[androidx.test:core:1.5.0] AndroidManifest.xml:45:13-36
86            android:theme="@style/WhiteBackgroundDialogTheme" >
86-->[androidx.test:core:1.5.0] AndroidManifest.xml:46:13-62
87            <intent-filter android:priority="-100" >
87-->[androidx.test:core:1.5.0] AndroidManifest.xml:31:13-33:29
87-->[androidx.test:core:1.5.0] AndroidManifest.xml:31:28-51
88                <category android:name="android.intent.category.LAUNCHER" />
88-->src/main/AndroidManifest.xml:23:17-77
88-->src/main/AndroidManifest.xml:23:27-74
89            </intent-filter>
90        </activity>
91        <activity
91-->[androidx.compose.ui:ui-test-manifest:1.6.6] AndroidManifest.xml:23:9-25:39
92            android:name="androidx.activity.ComponentActivity"
92-->[androidx.compose.ui:ui-test-manifest:1.6.6] AndroidManifest.xml:24:13-63
93            android:exported="true" />
93-->[androidx.compose.ui:ui-test-manifest:1.6.6] AndroidManifest.xml:25:13-36
94
95        <receiver
95-->[androidx.profileinstaller:profileinstaller:1.3.1] AndroidManifest.xml:34:9-52:20
96            android:name="androidx.profileinstaller.ProfileInstallReceiver"
96-->[androidx.profileinstaller:profileinstaller:1.3.1] AndroidManifest.xml:35:13-76
97            android:directBootAware="false"
97-->[androidx.profileinstaller:profileinstaller:1.3.1] AndroidManifest.xml:36:13-44
98            android:enabled="true"
98-->[androidx.profileinstaller:profileinstaller:1.3.1] AndroidManifest.xml:37:13-35
99            android:exported="true"
99-->[androidx.profileinstaller:profileinstaller:1.3.1] AndroidManifest.xml:38:13-36
100            android:permission="android.permission.DUMP" >
100-->[androidx.profileinstaller:profileinstaller:1.3.1] AndroidManifest.xml:39:13-57
101            <intent-filter>
101-->[androidx.profileinstaller:profileinstaller:1.3.1] AndroidManifest.xml:40:13-42:29
102                <action android:name="androidx.profileinstaller.action.INSTALL_PROFILE" />
102-->[androidx.profileinstaller:profileinstaller:1.3.1] AndroidManifest.xml:41:17-91
102-->[androidx.profileinstaller:profileinstaller:1.3.1] AndroidManifest.xml:41:25-88
103            </intent-filter>
104            <intent-filter>
104-->[androidx.profileinstaller:profileinstaller:1.3.1] AndroidManifest.xml:43:13-45:29
105                <action android:name="androidx.profileinstaller.action.SKIP_FILE" />
105-->[androidx.profileinstaller:profileinstaller:1.3.1] AndroidManifest.xml:44:17-85
105-->[androidx.profileinstaller:profileinstaller:1.3.1] AndroidManifest.xml:44:25-82
106            </intent-filter>
107            <intent-filter>
107-->[androidx.profileinstaller:profileinstaller:1.3.1] AndroidManifest.xml:46:13-48:29
108                <action android:name="androidx.profileinstaller.action.SAVE_PROFILE" />
108-->[androidx.profileinstaller:profileinstaller:1.3.1] AndroidManifest.xml:47:17-88
108-->[androidx.profileinstaller:profileinstaller:1.3.1] AndroidManifest.xml:47:25-85
109            </intent-filter>
110            <intent-filter>
110-->[androidx.profileinstaller:profileinstaller:1.3.1] AndroidManifest.xml:49:13-51:29
111                <action android:name="androidx.profileinstaller.action.BENCHMARK_OPERATION" />
111-->[androidx.profileinstaller:profileinstaller:1.3.1] AndroidManifest.xml:50:17-95
111-->[androidx.profileinstaller:profileinstaller:1.3.1] AndroidManifest.xml:50:25-92
112            </intent-filter>
113        </receiver>
114    </application>
115
116</manifest>